<?xml version="1.0" encoding="UTF-8"?>
<!-- Generated by org.testng.reporters.JUnitReportReporter -->
<testsuite hostname="Ananth" failures="0" tests="1" name="producttest.Example1Test" time="5.361" errors="0" timestamp="2025-07-28T09:44:41 IST" skipped="0">
  <testcase classname="producttest.Example1Test" name="Verify_If_User_Is_Able_To_Order_3_Products" time="5.361"/>
  <system-out>
    <![CDATA[Browser setup successful
Application Login successful
Application log out successful
Browser Termination successful]]>
  </system-out>
</testsuite> <!-- producttest.Example1Test -->
