<?xml version="1.0" encoding="UTF-8"?>
<!-- Generated by org.testng.reporters.JUnitReportReporter -->
<testsuite hostname="Ananth" failures="0" tests="1" name="producttest.TeamKTest" time="0.018" errors="0" timestamp="2025-07-14T10:44:16 IST" skipped="0">
  <testcase classname="producttest.TeamKTest" name="Asish" time="0.018">
    <system-out>
      <![CDATA[Ananth Asish]]>
    </system-out>
  </testcase> <!-- Asish -->
  <system-out>
    <![CDATA[Ananth Asish]]>
  </system-out>
</testsuite> <!-- producttest.TeamKTest -->
